-------------------------------------------------------------------------------
Test set: com.ust.micro.ServiceRegistoryApplicationTests
-------------------------------------------------------------------------------
Tests run: 1, Failures: 0, Errors: 1, Skipped: 0, Time elapsed: 5.194 s <<< FAILURE! - in com.ust.micro.ServiceRegistoryApplicationTests
contextLoads  Time elapsed: 0.029 s  <<< ERROR!
java.lang.IllegalStateException: Failed to load ApplicationContext for [WebMergedContextConfiguration@29d070c7 testClass = com.ust.micro.ServiceRegistoryApplicationTests, locations = [], classes = [com.ust.micro.ServiceRegistoryApplication], contextInitializerClasses = [], activeProfiles = [], propertySourceLocations = [], propertySourceProperties = ["org.springframework.boot.test.context.SpringBootTestContextBootstrapper=true"], contextCustomizers = [org.springframework.boot.test.context.filter.ExcludeFilterContextCustomizer@3e8c3cb, org.springframework.boot.test.json.DuplicateJsonObjectContextCustomizerFactory$DuplicateJsonObjectContextCustomizer@3e27ba32, org.springframework.boot.test.mock.mockito.MockitoContextCustomizer@0, org.springframework.boot.test.web.client.TestRestTemplateContextCustomizer@75437611, org.springframework.boot.test.autoconfigure.actuate.observability.ObservabilityContextCustomizerFactory$DisableObservabilityContextCustomizer@9da1, org.springframework.boot.test.autoconfigure.properties.PropertyMappingContextCustomizer@0, org.springframework.boot.test.autoconfigure.web.servlet.WebDriverContextCustomizerFactory$Customizer@6fa51cd4, org.springframework.boot.test.context.SpringBootTestAnnotation@11eda426], resourceBasePath = "src/main/webapp", contextLoader = org.springframework.boot.test.context.SpringBootContextLoader, parent = null]
Caused by: org.springframework.beans.factory.UnsatisfiedDependencyException: Error creating bean with name 'healthContributorRegistry' defined in class path resource [org/springframework/boot/actuate/autoconfigure/health/HealthEndpointConfiguration.class]: Unsatisfied dependency expressed through method 'healthContributorRegistry' parameter 2: Error creating bean with name 'discoveryCompositeHealthContributor' defined in class path resource [org/springframework/cloud/client/CommonsClientAutoConfiguration$DiscoveryLoadBalancerConfiguration.class]: Unsatisfied dependency expressed through method 'discoveryCompositeHealthContributor' parameter 0: Error creating bean with name 'eurekaHealthIndicator' defined in class path resource [org/springframework/cloud/netflix/eureka/EurekaClientAutoConfiguration$EurekaHealthIndicatorConfiguration.class]: Unsatisfied dependency expressed through method 'eurekaHealthIndicator' parameter 1: Error creating bean with name 'eurekaInstanceConfigBean' defined in class path resource [org/springframework/cloud/netflix/eureka/EurekaClientAutoConfiguration.class]: Failed to instantiate [org.springframework.cloud.netflix.eureka.EurekaInstanceConfigBean]: Factory method 'eurekaInstanceConfigBean' threw exception with message: Failed to construct url for scheme: http, hostName: "{HOSTNAME}.eureka" port: 8761 contextPath: / statusPath: /actuator/health
Caused by: org.springframework.beans.factory.UnsatisfiedDependencyException: Error creating bean with name 'discoveryCompositeHealthContributor' defined in class path resource [org/springframework/cloud/client/CommonsClientAutoConfiguration$DiscoveryLoadBalancerConfiguration.class]: Unsatisfied dependency expressed through method 'discoveryCompositeHealthContributor' parameter 0: Error creating bean with name 'eurekaHealthIndicator' defined in class path resource [org/springframework/cloud/netflix/eureka/EurekaClientAutoConfiguration$EurekaHealthIndicatorConfiguration.class]: Unsatisfied dependency expressed through method 'eurekaHealthIndicator' parameter 1: Error creating bean with name 'eurekaInstanceConfigBean' defined in class path resource [org/springframework/cloud/netflix/eureka/EurekaClientAutoConfiguration.class]: Failed to instantiate [org.springframework.cloud.netflix.eureka.EurekaInstanceConfigBean]: Factory method 'eurekaInstanceConfigBean' threw exception with message: Failed to construct url for scheme: http, hostName: "{HOSTNAME}.eureka" port: 8761 contextPath: / statusPath: /actuator/health
Caused by: org.springframework.beans.factory.UnsatisfiedDependencyException: Error creating bean with name 'eurekaHealthIndicator' defined in class path resource [org/springframework/cloud/netflix/eureka/EurekaClientAutoConfiguration$EurekaHealthIndicatorConfiguration.class]: Unsatisfied dependency expressed through method 'eurekaHealthIndicator' parameter 1: Error creating bean with name 'eurekaInstanceConfigBean' defined in class path resource [org/springframework/cloud/netflix/eureka/EurekaClientAutoConfiguration.class]: Failed to instantiate [org.springframework.cloud.netflix.eureka.EurekaInstanceConfigBean]: Factory method 'eurekaInstanceConfigBean' threw exception with message: Failed to construct url for scheme: http, hostName: "{HOSTNAME}.eureka" port: 8761 contextPath: / statusPath: /actuator/health
Caused by: org.springframework.beans.factory.BeanCreationException: Error creating bean with name 'eurekaInstanceConfigBean' defined in class path resource [org/springframework/cloud/netflix/eureka/EurekaClientAutoConfiguration.class]: Failed to instantiate [org.springframework.cloud.netflix.eureka.EurekaInstanceConfigBean]: Factory method 'eurekaInstanceConfigBean' threw exception with message: Failed to construct url for scheme: http, hostName: "{HOSTNAME}.eureka" port: 8761 contextPath: / statusPath: /actuator/health
Caused by: org.springframework.beans.BeanInstantiationException: Failed to instantiate [org.springframework.cloud.netflix.eureka.EurekaInstanceConfigBean]: Factory method 'eurekaInstanceConfigBean' threw exception with message: Failed to construct url for scheme: http, hostName: "{HOSTNAME}.eureka" port: 8761 contextPath: / statusPath: /actuator/health
Caused by: java.lang.IllegalStateException: Failed to construct url for scheme: http, hostName: "{HOSTNAME}.eureka" port: 8761 contextPath: / statusPath: /actuator/health
Caused by: java.net.MalformedURLException: Illegal character found in host: '"'

